

Processing ListingsController#index (for 127.0.0.1 at 2008-01-22 16:40:48) [GET]
  Session ID: BAh7BzoJdXNlcm86CVVzZXIKOg9AZmF2b3JpdGVzMDoOQGxpc3RpbmdzMDoQ%0AQGF0dHJpYnV0ZXN7CyIJbmFtZSIPTGVvIFBlbGVraCIHaWQiBjIiFGZhdm9y%0AaXRlc19jb3VudCIGMCIKbG9naW4iDHBlbGVraGwiDXBhc3N3b3JkIkVjNmQ4%0AYzBjNjQwMjI1ODZkMjhjNDc0NGFkZjg0MmZmNjA1YzIxZGE5MGNiM2EzNTAy%0AYTNjZmE2ZTQ5ZWM5ZTJkIgplbWFpbCIRYUBwZWxla2guY29tOgtAZmxhZ3Mw%0AOhZAYXR0cmlidXRlc19jYWNoZXsAIgpmbGFzaElDOidBY3Rpb25Db250cm9s%0AbGVyOjpGbGFzaDo6Rmxhc2hIYXNoewAGOgpAdXNlZHsA--cce7921169d56baa51578395906002631ec4a12d
  Parameters: {"action"=>"index", "controller"=>"listings"}
  [4;36;1mUser Columns (0.015000)[0m   [0;1mSHOW FIELDS FROM `users`[0m
  [4;35;1mListing Load (0.000000)[0m   [0mSELECT * FROM `listings` WHERE (listings.user_id = 2) [0m
  [4;36;1mListing Columns (0.000000)[0m   [0;1mSHOW FIELDS FROM `listings`[0m
Rendering template within layouts/listings
Rendering listings/list
  [4;35;1mAptType Load (0.000000)[0m   [0mSELECT * FROM `apt_types` [0m
  [4;36;1mAptType Columns (0.000000)[0m   [0;1mSHOW FIELDS FROM `apt_types`[0m
  [4;35;1mNhood Load (0.000000)[0m   [0mSELECT * FROM `nhoods` [0m
  [4;36;1mNhood Columns (0.000000)[0m   [0;1mSHOW FIELDS FROM `nhoods`[0m
  [4;35;1mRentRange Load (0.000000)[0m   [0mSELECT * FROM `rent_ranges` [0m
  [4;36;1mRentRange Columns (0.016000)[0m   [0;1mSHOW FIELDS FROM `rent_ranges`[0m
Rendered listings/_search_form (0.07800)
  [4;35;1mCACHE (0.000000)[0m   [0mSELECT * FROM `apt_types` [0m
  [4;36;1mCACHE (0.000000)[0m   [0;1mSELECT * FROM `nhoods` [0m
  [4;35;1mCACHE (0.000000)[0m   [0mSELECT * FROM `rent_ranges` [0m
Rendered listings/_visuals_list (0.06300)
  [4;36;1mVisualType Columns (0.000000)[0m   [0;1mSHOW FIELDS FROM `attribute_values`[0m
  [4;35;1mVisualType Load (0.015000)[0m   [0mSELECT * FROM `attribute_values` WHERE ( (`attribute_values`.`type` = 'VisualType' ) ) [0m
Rendered listings/_submission_form (0.09300)
  [4;36;1mFavorite Load (0.000000)[0m   [0;1mSELECT * FROM `favorites` WHERE (favorites.user_id = 2) [0m
Rendered listings/_map (0.00000)
Rendered listings/_search_results (0.00000)
Rendered listings/_search_results_pane (0.00000)
  [4;35;1mFavorite Columns (0.016000)[0m   [0mSHOW FIELDS FROM `favorites`[0m
  [4;36;1mSQL (0.000000)[0m   [0;1mSELECT count(*) AS count_all FROM `favorites` WHERE (favorites.user_id = 2) [0m
Rendered listings/_fake_map (0.00000)
  [4;35;1mListing Load (0.000000)[0m   [0mSELECT * FROM `listings` WHERE (`listings`.`id` = 1) [0m
  [4;36;1mAptType Load (0.000000)[0m   [0;1mSELECT * FROM `apt_types` WHERE (`apt_types`.`id` = 1) [0m
  [4;35;1mRentRange Load (0.016000)[0m   [0mSELECT * FROM `rent_ranges` WHERE (`rent_ranges`.`id` = 4) [0m
  [4;36;1mNhood Load (0.000000)[0m   [0;1mSELECT * FROM `nhoods` WHERE (`nhoods`.`id` = 5) [0m
Rendered listings/_favorites (0.01600)
Rendered listings/_favorites_pane (0.03200)
Rendered listings/_location_info (0.00000)
Completed in 0.26600 (3 reqs/sec) | Rendering: 0.15600 (58%) | DB: 0.07800 (29%) | 200 OK [http://localhost/]


Processing ListingsController#destroy_favorite (for 127.0.0.1 at 2008-01-22 16:45:09) [POST]
  Session ID: BAh7BzoJdXNlcm86CVVzZXIKOg9AZmF2b3JpdGVzMDoOQGxpc3RpbmdzMDoQ%0AQGF0dHJpYnV0ZXN7CyIJbmFtZSIPTGVvIFBlbGVraCIHaWQiBjIiFGZhdm9y%0AaXRlc19jb3VudCIGMCINcGFzc3dvcmQiRWM2ZDhjMGM2NDAyMjU4NmQyOGM0%0ANzQ0YWRmODQyZmY2MDVjMjFkYTkwY2IzYTM1MDJhM2NmYTZlNDllYzllMmQi%0ACmxvZ2luIgxwZWxla2hsIgplbWFpbCIRYUBwZWxla2guY29tOhZAYXR0cmli%0AdXRlc19jYWNoZXsAOgtAZmxhZ3MwIgpmbGFzaElDOidBY3Rpb25Db250cm9s%0AbGVyOjpGbGFzaDo6Rmxhc2hIYXNoewAGOgpAdXNlZHsA--cc86e4881e78938462bb2b514863a67312bf7d1c
  Parameters: {"action"=>"destroy_favorite", "id"=>"7", "controller"=>"listings"}
  [4;35;1mFavorite Columns (0.015000)[0m   [0mSHOW FIELDS FROM `favorites`[0m
  [4;36;1mFavorite Load (0.000000)[0m   [0;1mSELECT * FROM `favorites` WHERE (`favorites`.`id` = 7) [0m
  [4;35;1mSQL (0.000000)[0m   [0mBEGIN[0m
  [4;36;1mUser Columns (0.016000)[0m   [0;1mSHOW FIELDS FROM `users`[0m
  [4;35;1mUser Load (0.000000)[0m   [0mSELECT * FROM `users` WHERE (`users`.`id` = 2) [0m
  [4;36;1mUser Update (0.422000)[0m   [0;1mUPDATE users SET `favorites_count` = `favorites_count` - 1 WHERE (`id` = 2) [0m
  [4;35;1mListing Columns (0.000000)[0m   [0mSHOW FIELDS FROM `listings`[0m
  [4;36;1mListing Load (0.000000)[0m   [0;1mSELECT * FROM `listings` WHERE (`listings`.`id` = 1) [0m
  [4;35;1mListing Update (0.000000)[0m   [0mUPDATE listings SET `favorites_count` = `favorites_count` - 1 WHERE (`id` = 1) [0m
  [4;36;1mFavorite Update (0.016000)[0m   [0;1mUPDATE favorites SET position = (position - 1) WHERE (user_id = 2 AND position > 1) [0m
  [4;35;1mFavorite Update (0.000000)[0m   [0mUPDATE `favorites` SET `listing_id` = 1, `position` = NULL, `user_id` = 2, `description` = 'very cool' WHERE `id` = 7[0m
  [4;36;1mFavorite Destroy (0.000000)[0m   [0;1m DELETE FROM `favorites`
 WHERE `id` = 7
[0m
  [4;35;1mSQL (0.063000)[0m   [0mCOMMIT[0m
Rendering listings/destroy_favorite
  [4;36;1mFavorite Load (0.000000)[0m   [0;1mSELECT * FROM `favorites` WHERE (favorites.user_id = 2) [0m
Rendered listings/_favorites (0.00000)
attempted to add a favorite
Completed in 0.61000 (1 reqs/sec) | Rendering: 0.01600 (2%) | DB: 0.53200 (87%) | 200 OK [http://localhost/listings/destroy_favorite/7]


Processing ListingsController#do_search (for 127.0.0.1 at 2008-01-22 16:45:26) [POST]
  Session ID: BAh7BzoJdXNlcm86CVVzZXIKOg9AZmF2b3JpdGVzMDoOQGxpc3RpbmdzMDoQ%0AQGF0dHJpYnV0ZXN7CyIJbmFtZSIPTGVvIFBlbGVraCIHaWQiBjIiFGZhdm9y%0AaXRlc19jb3VudCIGMCIKbG9naW4iDHBlbGVraGwiDXBhc3N3b3JkIkVjNmQ4%0AYzBjNjQwMjI1ODZkMjhjNDc0NGFkZjg0MmZmNjA1YzIxZGE5MGNiM2EzNTAy%0AYTNjZmE2ZTQ5ZWM5ZTJkIgplbWFpbCIRYUBwZWxla2guY29tOgtAZmxhZ3Mw%0AOhZAYXR0cmlidXRlc19jYWNoZXsAIgpmbGFzaElDOidBY3Rpb25Db250cm9s%0AbGVyOjpGbGFzaDo6Rmxhc2hIYXNoewAGOgpAdXNlZHsA--cce7921169d56baa51578395906002631ec4a12d
  Parameters: {"search"=>{"address1"=>"", "rent_range_id"=>"", "nhood_id"=>"", "apt_type_id"=>"1"}, "listing"=>{"roach_problem"=>"0", "comment"=>""}, "action"=>"do_search", "controller"=>"listings"}
  [4;35;1mListing Columns (0.016000)[0m   [0mSHOW FIELDS FROM `listings`[0m
  [4;36;1mNhood Columns (0.000000)[0m   [0;1mSHOW FIELDS FROM `nhoods`[0m
  [4;35;1mRentRange Columns (0.000000)[0m   [0mSHOW FIELDS FROM `rent_ranges`[0m
  [4;36;1mAptType Columns (0.000000)[0m   [0;1mSHOW FIELDS FROM `apt_types`[0m
  [4;35;1mListing Load Including Associations (0.000000)[0m   [0mSELECT `listings`.`id` AS t0_r0, `listings`.`address1` AS t0_r1, `listings`.`nhood_id` AS t0_r2, `listings`.`apt_type_id` AS t0_r3, `listings`.`lease_experation_date` AS t0_r4, `listings`.`rent_range_id` AS t0_r5, `listings`.`roach_problem` AS t0_r6, `listings`.`favorites_count` AS t0_r7, `listings`.`user_id` AS t0_r8, `listings`.`comment` AS t0_r9, `nhoods`.`id` AS t1_r0, `nhoods`.`name` AS t1_r1, `nhoods`.`description` AS t1_r2, `rent_ranges`.`id` AS t2_r0, `rent_ranges`.`name` AS t2_r1, `rent_ranges`.`description` AS t2_r2, `rent_ranges`.`lbound` AS t2_r3, `rent_ranges`.`ubound` AS t2_r4, `apt_types`.`id` AS t3_r0, `apt_types`.`name` AS t3_r1, `apt_types`.`description` AS t3_r2 FROM `listings` LEFT OUTER JOIN `nhoods` ON `nhoods`.id = `listings`.nhood_id LEFT OUTER JOIN `rent_ranges` ON `rent_ranges`.id = `listings`.rent_range_id LEFT OUTER JOIN `apt_types` ON `apt_types`.id = `listings`.apt_type_id WHERE (`listings`.`apt_type_id` = '1') [0m
Rendering listings/do_search
  [4;36;1mFavorite Load (0.000000)[0m   [0;1mSELECT * FROM `favorites` WHERE (favorites.listing_id = 1) [0m
  [4;35;1mBogusFlag Columns (0.000000)[0m   [0mSHOW FIELDS FROM `flags`[0m
  [4;36;1mBogusFlag Load (0.000000)[0m   [0;1mSELECT * FROM `flags` WHERE (flags.listing_id = 1) AND ( (`flags`.`type` = 'BogusFlag' ) ) [0m
  [4;35;1mBrokerFlag Columns (0.000000)[0m   [0mSHOW FIELDS FROM `flags`[0m
  [4;36;1mBrokerFlag Load (0.000000)[0m   [0;1mSELECT * FROM `flags` WHERE (flags.listing_id = 1) AND ( (`flags`.`type` = 'BrokerFlag' ) ) [0m
  [4;35;1mNAFlag Columns (0.000000)[0m   [0mSHOW FIELDS FROM `flags`[0m
  [4;36;1mNAFlag Load (0.000000)[0m   [0;1mSELECT * FROM `flags` WHERE (flags.listing_id = 1) AND ( (`flags`.`type` = 'NAFlag' ) ) [0m
  [4;35;1mVisual Load (0.000000)[0m   [0mSELECT * FROM `visuals` WHERE (visuals.listing_id = 1) [0m
  [4;36;1mFavorite Load (0.000000)[0m   [0;1mSELECT * FROM `favorites` WHERE (favorites.listing_id = 4) [0m
  [4;35;1mBogusFlag Load (0.000000)[0m   [0mSELECT * FROM `flags` WHERE (flags.listing_id = 4) AND ( (`flags`.`type` = 'BogusFlag' ) ) [0m
  [4;36;1mBrokerFlag Load (0.000000)[0m   [0;1mSELECT * FROM `flags` WHERE (flags.listing_id = 4) AND ( (`flags`.`type` = 'BrokerFlag' ) ) [0m
  [4;35;1mNAFlag Load (0.000000)[0m   [0mSELECT * FROM `flags` WHERE (flags.listing_id = 4) AND ( (`flags`.`type` = 'NAFlag' ) ) [0m
  [4;36;1mVisual Load (0.000000)[0m   [0;1mSELECT * FROM `visuals` WHERE (visuals.listing_id = 4) [0m
  [4;35;1mFavorite Load (0.000000)[0m   [0mSELECT * FROM `favorites` WHERE (favorites.listing_id = 6) [0m
  [4;36;1mBogusFlag Load (0.000000)[0m   [0;1mSELECT * FROM `flags` WHERE (flags.listing_id = 6) AND ( (`flags`.`type` = 'BogusFlag' ) ) [0m
  [4;35;1mBrokerFlag Load (0.000000)[0m   [0mSELECT * FROM `flags` WHERE (flags.listing_id = 6) AND ( (`flags`.`type` = 'BrokerFlag' ) ) [0m
  [4;36;1mNAFlag Load (0.000000)[0m   [0;1mSELECT * FROM `flags` WHERE (flags.listing_id = 6) AND ( (`flags`.`type` = 'NAFlag' ) ) [0m
  [4;35;1mVisual Load (0.000000)[0m   [0mSELECT * FROM `visuals` WHERE (visuals.listing_id = 6) [0m
  [4;36;1mFavorite Load (0.000000)[0m   [0;1mSELECT * FROM `favorites` WHERE (favorites.listing_id = 11) [0m
  [4;35;1mBogusFlag Load (0.000000)[0m   [0mSELECT * FROM `flags` WHERE (flags.listing_id = 11) AND ( (`flags`.`type` = 'BogusFlag' ) ) [0m
  [4;36;1mBrokerFlag Load (0.000000)[0m   [0;1mSELECT * FROM `flags` WHERE (flags.listing_id = 11) AND ( (`flags`.`type` = 'BrokerFlag' ) ) [0m
  [4;35;1mNAFlag Load (0.000000)[0m   [0mSELECT * FROM `flags` WHERE (flags.listing_id = 11) AND ( (`flags`.`type` = 'NAFlag' ) ) [0m
  [4;36;1mVisual Load (0.000000)[0m   [0;1mSELECT * FROM `visuals` WHERE (visuals.listing_id = 11) [0m
  [4;35;1mFavorite Load (0.000000)[0m   [0mSELECT * FROM `favorites` WHERE (favorites.listing_id = 14) [0m
  [4;36;1mBogusFlag Load (0.000000)[0m   [0;1mSELECT * FROM `flags` WHERE (flags.listing_id = 14) AND ( (`flags`.`type` = 'BogusFlag' ) ) [0m
  [4;35;1mBrokerFlag Load (0.016000)[0m   [0mSELECT * FROM `flags` WHERE (flags.listing_id = 14) AND ( (`flags`.`type` = 'BrokerFlag' ) ) [0m
  [4;36;1mNAFlag Load (0.000000)[0m   [0;1mSELECT * FROM `flags` WHERE (flags.listing_id = 14) AND ( (`flags`.`type` = 'NAFlag' ) ) [0m
  [4;35;1mVisual Load (0.000000)[0m   [0mSELECT * FROM `visuals` WHERE (visuals.listing_id = 14) [0m
  [4;36;1mFavorite Load (0.000000)[0m   [0;1mSELECT * FROM `favorites` WHERE (favorites.listing_id = 16) [0m
  [4;35;1mBogusFlag Load (0.031000)[0m   [0mSELECT * FROM `flags` WHERE (flags.listing_id = 16) AND ( (`flags`.`type` = 'BogusFlag' ) ) [0m
  [4;36;1mBrokerFlag Load (0.000000)[0m   [0;1mSELECT * FROM `flags` WHERE (flags.listing_id = 16) AND ( (`flags`.`type` = 'BrokerFlag' ) ) [0m
  [4;35;1mNAFlag Load (0.000000)[0m   [0mSELECT * FROM `flags` WHERE (flags.listing_id = 16) AND ( (`flags`.`type` = 'NAFlag' ) ) [0m
  [4;36;1mVisual Load (0.000000)[0m   [0;1mSELECT * FROM `visuals` WHERE (visuals.listing_id = 16) [0m
  [4;35;1mFavorite Load (0.000000)[0m   [0mSELECT * FROM `favorites` WHERE (favorites.listing_id = 21) [0m
  [4;36;1mBogusFlag Load (0.000000)[0m   [0;1mSELECT * FROM `flags` WHERE (flags.listing_id = 21) AND ( (`flags`.`type` = 'BogusFlag' ) ) [0m
  [4;35;1mBrokerFlag Load (0.000000)[0m   [0mSELECT * FROM `flags` WHERE (flags.listing_id = 21) AND ( (`flags`.`type` = 'BrokerFlag' ) ) [0m
  [4;36;1mNAFlag Load (0.000000)[0m   [0;1mSELECT * FROM `flags` WHERE (flags.listing_id = 21) AND ( (`flags`.`type` = 'NAFlag' ) ) [0m
  [4;35;1mVisual Load (0.000000)[0m   [0mSELECT * FROM `visuals` WHERE (visuals.listing_id = 21) [0m
  [4;36;1mFavorite Load (0.015000)[0m   [0;1mSELECT * FROM `favorites` WHERE (favorites.listing_id = 24) [0m
  [4;35;1mBogusFlag Load (0.000000)[0m   [0mSELECT * FROM `flags` WHERE (flags.listing_id = 24) AND ( (`flags`.`type` = 'BogusFlag' ) ) [0m
  [4;36;1mBrokerFlag Load (0.000000)[0m   [0;1mSELECT * FROM `flags` WHERE (flags.listing_id = 24) AND ( (`flags`.`type` = 'BrokerFlag' ) ) [0m
  [4;35;1mNAFlag Load (0.000000)[0m   [0mSELECT * FROM `flags` WHERE (flags.listing_id = 24) AND ( (`flags`.`type` = 'NAFlag' ) ) [0m
  [4;36;1mVisual Load (0.000000)[0m   [0;1mSELECT * FROM `visuals` WHERE (visuals.listing_id = 24) [0m
  [4;35;1mFavorite Load (0.000000)[0m   [0mSELECT * FROM `favorites` WHERE (favorites.listing_id = 26) [0m
  [4;36;1mBogusFlag Load (0.000000)[0m   [0;1mSELECT * FROM `flags` WHERE (flags.listing_id = 26) AND ( (`flags`.`type` = 'BogusFlag' ) ) [0m
  [4;35;1mBrokerFlag Load (0.000000)[0m   [0mSELECT * FROM `flags` WHERE (flags.listing_id = 26) AND ( (`flags`.`type` = 'BrokerFlag' ) ) [0m
  [4;36;1mNAFlag Load (0.000000)[0m   [0;1mSELECT * FROM `flags` WHERE (flags.listing_id = 26) AND ( (`flags`.`type` = 'NAFlag' ) ) [0m
  [4;35;1mVisual Load (0.000000)[0m   [0mSELECT * FROM `visuals` WHERE (visuals.listing_id = 26) [0m
  [4;36;1mFavorite Load (0.000000)[0m   [0;1mSELECT * FROM `favorites` WHERE (favorites.listing_id = 31) [0m
  [4;35;1mBogusFlag Load (0.000000)[0m   [0mSELECT * FROM `flags` WHERE (flags.listing_id = 31) AND ( (`flags`.`type` = 'BogusFlag' ) ) [0m
  [4;36;1mBrokerFlag Load (0.000000)[0m   [0;1mSELECT * FROM `flags` WHERE (flags.listing_id = 31) AND ( (`flags`.`type` = 'BrokerFlag' ) ) [0m
  [4;35;1mNAFlag Load (0.000000)[0m   [0mSELECT * FROM `flags` WHERE (flags.listing_id = 31) AND ( (`flags`.`type` = 'NAFlag' ) ) [0m
  [4;36;1mVisual Load (0.000000)[0m   [0;1mSELECT * FROM `visuals` WHERE (visuals.listing_id = 31) [0m
  [4;35;1mFavorite Load (0.000000)[0m   [0mSELECT * FROM `favorites` WHERE (favorites.listing_id = 34) [0m
  [4;36;1mBogusFlag Load (0.000000)[0m   [0;1mSELECT * FROM `flags` WHERE (flags.listing_id = 34) AND ( (`flags`.`type` = 'BogusFlag' ) ) [0m
  [4;35;1mBrokerFlag Load (0.000000)[0m   [0mSELECT * FROM `flags` WHERE (flags.listing_id = 34) AND ( (`flags`.`type` = 'BrokerFlag' ) ) [0m
  [4;36;1mNAFlag Load (0.000000)[0m   [0;1mSELECT * FROM `flags` WHERE (flags.listing_id = 34) AND ( (`flags`.`type` = 'NAFlag' ) ) [0m
  [4;35;1mVisual Load (0.000000)[0m   [0mSELECT * FROM `visuals` WHERE (visuals.listing_id = 34) [0m
  [4;36;1mFavorite Load (0.016000)[0m   [0;1mSELECT * FROM `favorites` WHERE (favorites.listing_id = 36) [0m
  [4;35;1mBogusFlag Load (0.000000)[0m   [0mSELECT * FROM `flags` WHERE (flags.listing_id = 36) AND ( (`flags`.`type` = 'BogusFlag' ) ) [0m
  [4;36;1mBrokerFlag Load (0.000000)[0m   [0;1mSELECT * FROM `flags` WHERE (flags.listing_id = 36) AND ( (`flags`.`type` = 'BrokerFlag' ) ) [0m
  [4;35;1mNAFlag Load (0.000000)[0m   [0mSELECT * FROM `flags` WHERE (flags.listing_id = 36) AND ( (`flags`.`type` = 'NAFlag' ) ) [0m
  [4;36;1mVisual Load (0.000000)[0m   [0;1mSELECT * FROM `visuals` WHERE (visuals.listing_id = 36) [0m
Rendered listings/_search_results (0.29700)
attempted to refresh search results
Completed in 0.51500 (1 reqs/sec) | Rendering: 0.25000 (48%) | DB: 0.09400 (18%) | 200 OK [http://localhost/listings/do_search]
  [4;35;1mUser Columns (0.016000)[0m   [0mSHOW FIELDS FROM `users`[0m


Processing ListingsController#do_search (for 127.0.0.1 at 2008-01-22 16:45:34) [POST]
  Session ID: BAh7BzoJdXNlcm86CVVzZXIKOg9AZmF2b3JpdGVzMDoOQGxpc3RpbmdzMDoQ%0AQGF0dHJpYnV0ZXN7CyIJbmFtZSIPTGVvIFBlbGVraCIHaWQiBjIiFGZhdm9y%0AaXRlc19jb3VudCIGMCINcGFzc3dvcmQiRWM2ZDhjMGM2NDAyMjU4NmQyOGM0%0ANzQ0YWRmODQyZmY2MDVjMjFkYTkwY2IzYTM1MDJhM2NmYTZlNDllYzllMmQi%0ACmxvZ2luIgxwZWxla2hsIgplbWFpbCIRYUBwZWxla2guY29tOhZAYXR0cmli%0AdXRlc19jYWNoZXsAOgtAZmxhZ3MwIgpmbGFzaElDOidBY3Rpb25Db250cm9s%0AbGVyOjpGbGFzaDo6Rmxhc2hIYXNoewAGOgpAdXNlZHsA--cc86e4881e78938462bb2b514863a67312bf7d1c
  Parameters: {"search"=>{"address1"=>"", "rent_range_id"=>"", "nhood_id"=>"1", "apt_type_id"=>"1"}, "listing"=>{"roach_problem"=>"0", "comment"=>""}, "action"=>"do_search", "controller"=>"listings"}
  [4;36;1mListing Columns (0.000000)[0m   [0;1mSHOW FIELDS FROM `listings`[0m
  [4;35;1mNhood Columns (0.094000)[0m   [0mSHOW FIELDS FROM `nhoods`[0m
  [4;36;1mRentRange Columns (0.016000)[0m   [0;1mSHOW FIELDS FROM `rent_ranges`[0m
  [4;35;1mAptType Columns (0.000000)[0m   [0mSHOW FIELDS FROM `apt_types`[0m
  [4;36;1mListing Load Including Associations (0.000000)[0m   [0;1mSELECT `listings`.`id` AS t0_r0, `listings`.`address1` AS t0_r1, `listings`.`nhood_id` AS t0_r2, `listings`.`apt_type_id` AS t0_r3, `listings`.`lease_experation_date` AS t0_r4, `listings`.`rent_range_id` AS t0_r5, `listings`.`roach_problem` AS t0_r6, `listings`.`favorites_count` AS t0_r7, `listings`.`user_id` AS t0_r8, `listings`.`comment` AS t0_r9, `nhoods`.`id` AS t1_r0, `nhoods`.`name` AS t1_r1, `nhoods`.`description` AS t1_r2, `rent_ranges`.`id` AS t2_r0, `rent_ranges`.`name` AS t2_r1, `rent_ranges`.`description` AS t2_r2, `rent_ranges`.`lbound` AS t2_r3, `rent_ranges`.`ubound` AS t2_r4, `apt_types`.`id` AS t3_r0, `apt_types`.`name` AS t3_r1, `apt_types`.`description` AS t3_r2 FROM `listings` LEFT OUTER JOIN `nhoods` ON `nhoods`.id = `listings`.nhood_id LEFT OUTER JOIN `rent_ranges` ON `rent_ranges`.id = `listings`.rent_range_id LEFT OUTER JOIN `apt_types` ON `apt_types`.id = `listings`.apt_type_id WHERE (`listings`.`nhood_id` = '1' AND `listings`.`apt_type_id` = '1') [0m
Rendering listings/do_search
Rendered listings/_search_results (0.00000)
attempted to refresh search results
Completed in 0.20300 (4 reqs/sec) | Rendering: 0.01500 (7%) | DB: 0.12600 (62%) | 200 OK [http://localhost/listings/do_search]
  [4;35;1mUser Columns (0.000000)[0m   [0mSHOW FIELDS FROM `users`[0m


Processing ListingsController#do_search (for 127.0.0.1 at 2008-01-22 16:45:44) [POST]
  Session ID: BAh7BzoJdXNlcm86CVVzZXIKOg9AZmF2b3JpdGVzMDoOQGxpc3RpbmdzMDoQ%0AQGF0dHJpYnV0ZXN7CyIJbmFtZSIPTGVvIFBlbGVraCIHaWQiBjIiFGZhdm9y%0AaXRlc19jb3VudCIGMCIKbG9naW4iDHBlbGVraGwiDXBhc3N3b3JkIkVjNmQ4%0AYzBjNjQwMjI1ODZkMjhjNDc0NGFkZjg0MmZmNjA1YzIxZGE5MGNiM2EzNTAy%0AYTNjZmE2ZTQ5ZWM5ZTJkIgplbWFpbCIRYUBwZWxla2guY29tOgtAZmxhZ3Mw%0AOhZAYXR0cmlidXRlc19jYWNoZXsAIgpmbGFzaElDOidBY3Rpb25Db250cm9s%0AbGVyOjpGbGFzaDo6Rmxhc2hIYXNoewAGOgpAdXNlZHsA--cce7921169d56baa51578395906002631ec4a12d
  Parameters: {"search"=>{"address1"=>"", "rent_range_id"=>"", "nhood_id"=>"1", "apt_type_id"=>"4"}, "listing"=>{"roach_problem"=>"0", "comment"=>""}, "action"=>"do_search", "controller"=>"listings"}
  [4;36;1mListing Columns (0.016000)[0m   [0;1mSHOW FIELDS FROM `listings`[0m
  [4;35;1mNhood Columns (0.000000)[0m   [0mSHOW FIELDS FROM `nhoods`[0m
  [4;36;1mRentRange Columns (0.015000)[0m   [0;1mSHOW FIELDS FROM `rent_ranges`[0m
  [4;35;1mAptType Columns (0.000000)[0m   [0mSHOW FIELDS FROM `apt_types`[0m
  [4;36;1mListing Load Including Associations (0.000000)[0m   [0;1mSELECT `listings`.`id` AS t0_r0, `listings`.`address1` AS t0_r1, `listings`.`nhood_id` AS t0_r2, `listings`.`apt_type_id` AS t0_r3, `listings`.`lease_experation_date` AS t0_r4, `listings`.`rent_range_id` AS t0_r5, `listings`.`roach_problem` AS t0_r6, `listings`.`favorites_count` AS t0_r7, `listings`.`user_id` AS t0_r8, `listings`.`comment` AS t0_r9, `nhoods`.`id` AS t1_r0, `nhoods`.`name` AS t1_r1, `nhoods`.`description` AS t1_r2, `rent_ranges`.`id` AS t2_r0, `rent_ranges`.`name` AS t2_r1, `rent_ranges`.`description` AS t2_r2, `rent_ranges`.`lbound` AS t2_r3, `rent_ranges`.`ubound` AS t2_r4, `apt_types`.`id` AS t3_r0, `apt_types`.`name` AS t3_r1, `apt_types`.`description` AS t3_r2 FROM `listings` LEFT OUTER JOIN `nhoods` ON `nhoods`.id = `listings`.nhood_id LEFT OUTER JOIN `rent_ranges` ON `rent_ranges`.id = `listings`.rent_range_id LEFT OUTER JOIN `apt_types` ON `apt_types`.id = `listings`.apt_type_id WHERE (`listings`.`nhood_id` = '1' AND `listings`.`apt_type_id` = '4') [0m
Rendering listings/do_search
Rendered listings/_search_results (0.00000)
attempted to refresh search results
Completed in 0.09400 (10 reqs/sec) | Rendering: 0.01600 (17%) | DB: 0.03100 (32%) | 200 OK [http://localhost/listings/do_search]
  [4;35;1mUser Columns (0.016000)[0m   [0mSHOW FIELDS FROM `users`[0m


Processing ListingsController#do_search (for 127.0.0.1 at 2008-01-22 16:45:48) [POST]
  Session ID: BAh7BzoJdXNlcm86CVVzZXIKOg9AZmF2b3JpdGVzMDoOQGxpc3RpbmdzMDoQ%0AQGF0dHJpYnV0ZXN7CyIJbmFtZSIPTGVvIFBlbGVraCIHaWQiBjIiFGZhdm9y%0AaXRlc19jb3VudCIGMCINcGFzc3dvcmQiRWM2ZDhjMGM2NDAyMjU4NmQyOGM0%0ANzQ0YWRmODQyZmY2MDVjMjFkYTkwY2IzYTM1MDJhM2NmYTZlNDllYzllMmQi%0ACmxvZ2luIgxwZWxla2hsIgplbWFpbCIRYUBwZWxla2guY29tOhZAYXR0cmli%0AdXRlc19jYWNoZXsAOgtAZmxhZ3MwIgpmbGFzaElDOidBY3Rpb25Db250cm9s%0AbGVyOjpGbGFzaDo6Rmxhc2hIYXNoewAGOgpAdXNlZHsA--cc86e4881e78938462bb2b514863a67312bf7d1c
  Parameters: {"search"=>{"address1"=>"", "rent_range_id"=>"", "nhood_id"=>"5", "apt_type_id"=>"4"}, "listing"=>{"roach_problem"=>"0", "comment"=>""}, "action"=>"do_search", "controller"=>"listings"}
  [4;36;1mListing Columns (0.015000)[0m   [0;1mSHOW FIELDS FROM `listings`[0m
  [4;35;1mNhood Columns (0.000000)[0m   [0mSHOW FIELDS FROM `nhoods`[0m
  [4;36;1mRentRange Columns (0.000000)[0m   [0;1mSHOW FIELDS FROM `rent_ranges`[0m
  [4;35;1mAptType Columns (0.016000)[0m   [0mSHOW FIELDS FROM `apt_types`[0m
  [4;36;1mListing Load Including Associations (0.000000)[0m   [0;1mSELECT `listings`.`id` AS t0_r0, `listings`.`address1` AS t0_r1, `listings`.`nhood_id` AS t0_r2, `listings`.`apt_type_id` AS t0_r3, `listings`.`lease_experation_date` AS t0_r4, `listings`.`rent_range_id` AS t0_r5, `listings`.`roach_problem` AS t0_r6, `listings`.`favorites_count` AS t0_r7, `listings`.`user_id` AS t0_r8, `listings`.`comment` AS t0_r9, `nhoods`.`id` AS t1_r0, `nhoods`.`name` AS t1_r1, `nhoods`.`description` AS t1_r2, `rent_ranges`.`id` AS t2_r0, `rent_ranges`.`name` AS t2_r1, `rent_ranges`.`description` AS t2_r2, `rent_ranges`.`lbound` AS t2_r3, `rent_ranges`.`ubound` AS t2_r4, `apt_types`.`id` AS t3_r0, `apt_types`.`name` AS t3_r1, `apt_types`.`description` AS t3_r2 FROM `listings` LEFT OUTER JOIN `nhoods` ON `nhoods`.id = `listings`.nhood_id LEFT OUTER JOIN `rent_ranges` ON `rent_ranges`.id = `listings`.rent_range_id LEFT OUTER JOIN `apt_types` ON `apt_types`.id = `listings`.apt_type_id WHERE (`listings`.`nhood_id` = '5' AND `listings`.`apt_type_id` = '4') [0m
Rendering listings/do_search
Rendered listings/_search_results (0.00000)
attempted to refresh search results
Completed in 0.09400 (10 reqs/sec) | Rendering: 0.01600 (17%) | DB: 0.04700 (49%) | 200 OK [http://localhost/listings/do_search]
  [4;35;1mUser Columns (0.000000)[0m   [0mSHOW FIELDS FROM `users`[0m


Processing ListingsController#do_search (for 127.0.0.1 at 2008-01-22 17:36:41) [POST]
  Session ID: BAh7BzoJdXNlcm86CVVzZXIKOg9AZmF2b3JpdGVzMDoOQGxpc3RpbmdzMDoQ%0AQGF0dHJpYnV0ZXN7CyIJbmFtZSIPTGVvIFBlbGVraCIHaWQiBjIiFGZhdm9y%0AaXRlc19jb3VudCIGMCIKbG9naW4iDHBlbGVraGwiDXBhc3N3b3JkIkVjNmQ4%0AYzBjNjQwMjI1ODZkMjhjNDc0NGFkZjg0MmZmNjA1YzIxZGE5MGNiM2EzNTAy%0AYTNjZmE2ZTQ5ZWM5ZTJkIgplbWFpbCIRYUBwZWxla2guY29tOgtAZmxhZ3Mw%0AOhZAYXR0cmlidXRlc19jYWNoZXsAIgpmbGFzaElDOidBY3Rpb25Db250cm9s%0AbGVyOjpGbGFzaDo6Rmxhc2hIYXNoewAGOgpAdXNlZHsA--cce7921169d56baa51578395906002631ec4a12d
  Parameters: {"search"=>{"address1"=>"", "rent_range_id"=>"", "nhood_id"=>"5", "apt_type_id"=>"1"}, "listing"=>{"roach_problem"=>"0", "comment"=>""}, "action"=>"do_search", "controller"=>"listings"}
  [4;36;1mListing Columns (0.015000)[0m   [0;1mSHOW FIELDS FROM `listings`[0m
  [4;35;1mNhood Columns (0.000000)[0m   [0mSHOW FIELDS FROM `nhoods`[0m
  [4;36;1mRentRange Columns (0.016000)[0m   [0;1mSHOW FIELDS FROM `rent_ranges`[0m
  [4;35;1mAptType Columns (0.000000)[0m   [0mSHOW FIELDS FROM `apt_types`[0m
  [4;36;1mListing Load Including Associations (0.016000)[0m   [0;1mSELECT `listings`.`id` AS t0_r0, `listings`.`address1` AS t0_r1, `listings`.`nhood_id` AS t0_r2, `listings`.`apt_type_id` AS t0_r3, `listings`.`lease_experation_date` AS t0_r4, `listings`.`rent_range_id` AS t0_r5, `listings`.`roach_problem` AS t0_r6, `listings`.`favorites_count` AS t0_r7, `listings`.`user_id` AS t0_r8, `listings`.`comment` AS t0_r9, `nhoods`.`id` AS t1_r0, `nhoods`.`name` AS t1_r1, `nhoods`.`description` AS t1_r2, `rent_ranges`.`id` AS t2_r0, `rent_ranges`.`name` AS t2_r1, `rent_ranges`.`description` AS t2_r2, `rent_ranges`.`lbound` AS t2_r3, `rent_ranges`.`ubound` AS t2_r4, `apt_types`.`id` AS t3_r0, `apt_types`.`name` AS t3_r1, `apt_types`.`description` AS t3_r2 FROM `listings` LEFT OUTER JOIN `nhoods` ON `nhoods`.id = `listings`.nhood_id LEFT OUTER JOIN `rent_ranges` ON `rent_ranges`.id = `listings`.rent_range_id LEFT OUTER JOIN `apt_types` ON `apt_types`.id = `listings`.apt_type_id WHERE (`listings`.`nhood_id` = '5' AND `listings`.`apt_type_id` = '1') [0m
Rendering listings/do_search
  [4;35;1mFavorite Load (0.000000)[0m   [0mSELECT * FROM `favorites` WHERE (favorites.listing_id = 1) [0m
  [4;36;1mBogusFlag Columns (0.015000)[0m   [0;1mSHOW FIELDS FROM `flags`[0m
  [4;35;1mBogusFlag Load (0.000000)[0m   [0mSELECT * FROM `flags` WHERE (flags.listing_id = 1) AND ( (`flags`.`type` = 'BogusFlag' ) ) [0m
  [4;36;1mBrokerFlag Columns (0.000000)[0m   [0;1mSHOW FIELDS FROM `flags`[0m
  [4;35;1mBrokerFlag Load (0.000000)[0m   [0mSELECT * FROM `flags` WHERE (flags.listing_id = 1) AND ( (`flags`.`type` = 'BrokerFlag' ) ) [0m
  [4;36;1mNAFlag Columns (0.094000)[0m   [0;1mSHOW FIELDS FROM `flags`[0m
  [4;35;1mNAFlag Load (0.000000)[0m   [0mSELECT * FROM `flags` WHERE (flags.listing_id = 1) AND ( (`flags`.`type` = 'NAFlag' ) ) [0m
  [4;36;1mVisual Load (0.000000)[0m   [0;1mSELECT * FROM `visuals` WHERE (visuals.listing_id = 1) [0m
  [4;35;1mFavorite Load (0.000000)[0m   [0mSELECT * FROM `favorites` WHERE (favorites.listing_id = 4) [0m
  [4;36;1mBogusFlag Load (0.000000)[0m   [0;1mSELECT * FROM `flags` WHERE (flags.listing_id = 4) AND ( (`flags`.`type` = 'BogusFlag' ) ) [0m
  [4;35;1mBrokerFlag Load (0.000000)[0m   [0mSELECT * FROM `flags` WHERE (flags.listing_id = 4) AND ( (`flags`.`type` = 'BrokerFlag' ) ) [0m
  [4;36;1mNAFlag Load (0.000000)[0m   [0;1mSELECT * FROM `flags` WHERE (flags.listing_id = 4) AND ( (`flags`.`type` = 'NAFlag' ) ) [0m
  [4;35;1mVisual Load (0.016000)[0m   [0mSELECT * FROM `visuals` WHERE (visuals.listing_id = 4) [0m
  [4;36;1mFavorite Load (0.000000)[0m   [0;1mSELECT * FROM `favorites` WHERE (favorites.listing_id = 6) [0m
  [4;35;1mBogusFlag Load (0.000000)[0m   [0mSELECT * FROM `flags` WHERE (flags.listing_id = 6) AND ( (`flags`.`type` = 'BogusFlag' ) ) [0m
  [4;36;1mBrokerFlag Load (0.000000)[0m   [0;1mSELECT * FROM `flags` WHERE (flags.listing_id = 6) AND ( (`flags`.`type` = 'BrokerFlag' ) ) [0m
  [4;35;1mNAFlag Load (0.000000)[0m   [0mSELECT * FROM `flags` WHERE (flags.listing_id = 6) AND ( (`flags`.`type` = 'NAFlag' ) ) [0m
  [4;36;1mVisual Load (0.000000)[0m   [0;1mSELECT * FROM `visuals` WHERE (visuals.listing_id = 6) [0m
  [4;35;1mFavorite Load (0.000000)[0m   [0mSELECT * FROM `favorites` WHERE (favorites.listing_id = 11) [0m
  [4;36;1mBogusFlag Load (0.000000)[0m   [0;1mSELECT * FROM `flags` WHERE (flags.listing_id = 11) AND ( (`flags`.`type` = 'BogusFlag' ) ) [0m
  [4;35;1mBrokerFlag Load (0.000000)[0m   [0mSELECT * FROM `flags` WHERE (flags.listing_id = 11) AND ( (`flags`.`type` = 'BrokerFlag' ) ) [0m
  [4;36;1mNAFlag Load (0.000000)[0m   [0;1mSELECT * FROM `flags` WHERE (flags.listing_id = 11) AND ( (`flags`.`type` = 'NAFlag' ) ) [0m
  [4;35;1mVisual Load (0.000000)[0m   [0mSELECT * FROM `visuals` WHERE (visuals.listing_id = 11) [0m
  [4;36;1mFavorite Load (0.000000)[0m   [0;1mSELECT * FROM `favorites` WHERE (favorites.listing_id = 14) [0m
  [4;35;1mBogusFlag Load (0.000000)[0m   [0mSELECT * FROM `flags` WHERE (flags.listing_id = 14) AND ( (`flags`.`type` = 'BogusFlag' ) ) [0m
  [4;36;1mBrokerFlag Load (0.000000)[0m   [0;1mSELECT * FROM `flags` WHERE (flags.listing_id = 14) AND ( (`flags`.`type` = 'BrokerFlag' ) ) [0m
  [4;35;1mNAFlag Load (0.000000)[0m   [0mSELECT * FROM `flags` WHERE (flags.listing_id = 14) AND ( (`flags`.`type` = 'NAFlag' ) ) [0m
  [4;36;1mVisual Load (0.000000)[0m   [0;1mSELECT * FROM `visuals` WHERE (visuals.listing_id = 14) [0m
  [4;35;1mFavorite Load (0.000000)[0m   [0mSELECT * FROM `favorites` WHERE (favorites.listing_id = 16) [0m
  [4;36;1mBogusFlag Load (0.000000)[0m   [0;1mSELECT * FROM `flags` WHERE (flags.listing_id = 16) AND ( (`flags`.`type` = 'BogusFlag' ) ) [0m
  [4;35;1mBrokerFlag Load (0.000000)[0m   [0mSELECT * FROM `flags` WHERE (flags.listing_id = 16) AND ( (`flags`.`type` = 'BrokerFlag' ) ) [0m
  [4;36;1mNAFlag Load (0.000000)[0m   [0;1mSELECT * FROM `flags` WHERE (flags.listing_id = 16) AND ( (`flags`.`type` = 'NAFlag' ) ) [0m
  [4;35;1mVisual Load (0.000000)[0m   [0mSELECT * FROM `visuals` WHERE (visuals.listing_id = 16) [0m
  [4;36;1mFavorite Load (0.000000)[0m   [0;1mSELECT * FROM `favorites` WHERE (favorites.listing_id = 21) [0m
  [4;35;1mBogusFlag Load (0.000000)[0m   [0mSELECT * FROM `flags` WHERE (flags.listing_id = 21) AND ( (`flags`.`type` = 'BogusFlag' ) ) [0m
  [4;36;1mBrokerFlag Load (0.000000)[0m   [0;1mSELECT * FROM `flags` WHERE (flags.listing_id = 21) AND ( (`flags`.`type` = 'BrokerFlag' ) ) [0m
  [4;35;1mNAFlag Load (0.000000)[0m   [0mSELECT * FROM `flags` WHERE (flags.listing_id = 21) AND ( (`flags`.`type` = 'NAFlag' ) ) [0m
  [4;36;1mVisual Load (0.000000)[0m   [0;1mSELECT * FROM `visuals` WHERE (visuals.listing_id = 21) [0m
  [4;35;1mFavorite Load (0.000000)[0m   [0mSELECT * FROM `favorites` WHERE (favorites.listing_id = 24) [0m
  [4;36;1mBogusFlag Load (0.000000)[0m   [0;1mSELECT * FROM `flags` WHERE (flags.listing_id = 24) AND ( (`flags`.`type` = 'BogusFlag' ) ) [0m
  [4;35;1mBrokerFlag Load (0.000000)[0m   [0mSELECT * FROM `flags` WHERE (flags.listing_id = 24) AND ( (`flags`.`type` = 'BrokerFlag' ) ) [0m
  [4;36;1mNAFlag Load (0.000000)[0m   [0;1mSELECT * FROM `flags` WHERE (flags.listing_id = 24) AND ( (`flags`.`type` = 'NAFlag' ) ) [0m
  [4;35;1mVisual Load (0.000000)[0m   [0mSELECT * FROM `visuals` WHERE (visuals.listing_id = 24) [0m
  [4;36;1mFavorite Load (0.000000)[0m   [0;1mSELECT * FROM `favorites` WHERE (favorites.listing_id = 26) [0m
  [4;35;1mBogusFlag Load (0.000000)[0m   [0mSELECT * FROM `flags` WHERE (flags.listing_id = 26) AND ( (`flags`.`type` = 'BogusFlag' ) ) [0m
  [4;36;1mBrokerFlag Load (0.000000)[0m   [0;1mSELECT * FROM `flags` WHERE (flags.listing_id = 26) AND ( (`flags`.`type` = 'BrokerFlag' ) ) [0m
  [4;35;1mNAFlag Load (0.016000)[0m   [0mSELECT * FROM `flags` WHERE (flags.listing_id = 26) AND ( (`flags`.`type` = 'NAFlag' ) ) [0m
  [4;36;1mVisual Load (0.000000)[0m   [0;1mSELECT * FROM `visuals` WHERE (visuals.listing_id = 26) [0m
  [4;35;1mFavorite Load (0.000000)[0m   [0mSELECT * FROM `favorites` WHERE (favorites.listing_id = 31) [0m
  [4;36;1mBogusFlag Load (0.000000)[0m   [0;1mSELECT * FROM `flags` WHERE (flags.listing_id = 31) AND ( (`flags`.`type` = 'BogusFlag' ) ) [0m
  [4;35;1mBrokerFlag Load (0.000000)[0m   [0mSELECT * FROM `flags` WHERE (flags.listing_id = 31) AND ( (`flags`.`type` = 'BrokerFlag' ) ) [0m
  [4;36;1mNAFlag Load (0.000000)[0m   [0;1mSELECT * FROM `flags` WHERE (flags.listing_id = 31) AND ( (`flags`.`type` = 'NAFlag' ) ) [0m
  [4;35;1mVisual Load (0.000000)[0m   [0mSELECT * FROM `visuals` WHERE (visuals.listing_id = 31) [0m
  [4;36;1mFavorite Load (0.015000)[0m   [0;1mSELECT * FROM `favorites` WHERE (favorites.listing_id = 34) [0m
  [4;35;1mBogusFlag Load (0.000000)[0m   [0mSELECT * FROM `flags` WHERE (flags.listing_id = 34) AND ( (`flags`.`type` = 'BogusFlag' ) ) [0m
  [4;36;1mBrokerFlag Load (0.000000)[0m   [0;1mSELECT * FROM `flags` WHERE (flags.listing_id = 34) AND ( (`flags`.`type` = 'BrokerFlag' ) ) [0m
  [4;35;1mNAFlag Load (0.000000)[0m   [0mSELECT * FROM `flags` WHERE (flags.listing_id = 34) AND ( (`flags`.`type` = 'NAFlag' ) ) [0m
  [4;36;1mVisual Load (0.000000)[0m   [0;1mSELECT * FROM `visuals` WHERE (visuals.listing_id = 34) [0m
  [4;35;1mFavorite Load (0.000000)[0m   [0mSELECT * FROM `favorites` WHERE (favorites.listing_id = 36) [0m
  [4;36;1mBogusFlag Load (0.000000)[0m   [0;1mSELECT * FROM `flags` WHERE (flags.listing_id = 36) AND ( (`flags`.`type` = 'BogusFlag' ) ) [0m
  [4;35;1mBrokerFlag Load (0.000000)[0m   [0mSELECT * FROM `flags` WHERE (flags.listing_id = 36) AND ( (`flags`.`type` = 'BrokerFlag' ) ) [0m
  [4;36;1mNAFlag Load (0.000000)[0m   [0;1mSELECT * FROM `flags` WHERE (flags.listing_id = 36) AND ( (`flags`.`type` = 'NAFlag' ) ) [0m
  [4;35;1mVisual Load (0.000000)[0m   [0mSELECT * FROM `visuals` WHERE (visuals.listing_id = 36) [0m
Rendered listings/_search_results (0.39100)
attempted to refresh search results
Completed in 0.53100 (1 reqs/sec) | Rendering: 0.28100 (52%) | DB: 0.20300 (38%) | 200 OK [http://localhost/listings/do_search]
  [4;36;1mUser Columns (0.016000)[0m   [0;1mSHOW FIELDS FROM `users`[0m


Processing ListingsController#add_favorite (for 127.0.0.1 at 2008-01-22 17:38:10) [POST]
  Session ID: BAh7BzoJdXNlcm86CVVzZXIKOg9AZmF2b3JpdGVzMDoOQGxpc3RpbmdzMDoQ%0AQGF0dHJpYnV0ZXN7CyIJbmFtZSIPTGVvIFBlbGVraCIHaWQiBjIiFGZhdm9y%0AaXRlc19jb3VudCIGMCINcGFzc3dvcmQiRWM2ZDhjMGM2NDAyMjU4NmQyOGM0%0ANzQ0YWRmODQyZmY2MDVjMjFkYTkwY2IzYTM1MDJhM2NmYTZlNDllYzllMmQi%0ACmxvZ2luIgxwZWxla2hsIgplbWFpbCIRYUBwZWxla2guY29tOhZAYXR0cmli%0AdXRlc19jYWNoZXsAOgtAZmxhZ3MwIgpmbGFzaElDOidBY3Rpb25Db250cm9s%0AbGVyOjpGbGFzaDo6Rmxhc2hIYXNoewAGOgpAdXNlZHsA--cc86e4881e78938462bb2b514863a67312bf7d1c
  Parameters: {"listing"=>"1", "action"=>"add_favorite", "controller"=>"listings"}
  [4;35;1mUser Columns (0.000000)[0m   [0mSHOW FIELDS FROM `users`[0m
  [4;36;1mFavorite Columns (0.016000)[0m   [0;1mSHOW FIELDS FROM `favorites`[0m
  [4;35;1mSQL (0.015000)[0m   [0mBEGIN[0m
  [4;36;1mFavorite Load (0.000000)[0m   [0;1mSELECT * FROM `favorites` WHERE (user_id = 2) ORDER BY position DESC LIMIT 1[0m
  [4;35;1mFavorite Create (0.000000)[0m   [0mINSERT INTO `favorites` (`listing_id`, `description`, `user_id`, `position`) VALUES(1, 'very cool', 2, 1)[0m
  [4;36;1mUser Load (0.000000)[0m   [0;1mSELECT * FROM `users` WHERE (`users`.`id` = 2) [0m
  [4;35;1mUser Update (0.000000)[0m   [0mUPDATE users SET `favorites_count` = `favorites_count` + 1 WHERE (`id` = 2) [0m
  [4;36;1mListing Columns (0.016000)[0m   [0;1mSHOW FIELDS FROM `listings`[0m
  [4;35;1mListing Load (0.000000)[0m   [0mSELECT * FROM `listings` WHERE (`listings`.`id` = 1) [0m
  [4;36;1mListing Update (0.000000)[0m   [0;1mUPDATE listings SET `favorites_count` = `favorites_count` + 1 WHERE (`id` = 1) [0m
  [4;35;1mSQL (0.062000)[0m   [0mCOMMIT[0m
Rendering listings/add_favorite
  [4;36;1mFavorite Load (0.000000)[0m   [0;1mSELECT * FROM `favorites` WHERE (favorites.user_id = 2) [0m
  [4;35;1mListing Load (0.000000)[0m   [0mSELECT * FROM `listings` WHERE (`listings`.`id` = 1) [0m
  [4;36;1mAptType Columns (0.015000)[0m   [0;1mSHOW FIELDS FROM `apt_types`[0m
  [4;35;1mAptType Load (0.000000)[0m   [0mSELECT * FROM `apt_types` WHERE (`apt_types`.`id` = 1) [0m
  [4;36;1mRentRange Columns (0.016000)[0m   [0;1mSHOW FIELDS FROM `rent_ranges`[0m
  [4;35;1mRentRange Load (0.000000)[0m   [0mSELECT * FROM `rent_ranges` WHERE (`rent_ranges`.`id` = 4) [0m
  [4;36;1mNhood Columns (0.000000)[0m   [0;1mSHOW FIELDS FROM `nhoods`[0m
  [4;35;1mNhood Load (0.016000)[0m   [0mSELECT * FROM `nhoods` WHERE (`nhoods`.`id` = 5) [0m
Rendered listings/_favorites (0.09400)
attempted to add favorite
Completed in 0.25000 (4 reqs/sec) | Rendering: 0.06300 (25%) | DB: 0.17200 (68%) | 200 OK [http://localhost/listings/add_favorite]


Processing ListingsController#add_favorite (for 127.0.0.1 at 2008-01-22 17:38:14) [POST]
  Session ID: BAh7BzoJdXNlcm86CVVzZXIKOg9AZmF2b3JpdGVzMDoOQGxpc3RpbmdzMDoQ%0AQGF0dHJpYnV0ZXN7CyIJbmFtZSIPTGVvIFBlbGVraCIHaWQiBjIiFGZhdm9y%0AaXRlc19jb3VudCIGMCIKbG9naW4iDHBlbGVraGwiDXBhc3N3b3JkIkVjNmQ4%0AYzBjNjQwMjI1ODZkMjhjNDc0NGFkZjg0MmZmNjA1YzIxZGE5MGNiM2EzNTAy%0AYTNjZmE2ZTQ5ZWM5ZTJkIgplbWFpbCIRYUBwZWxla2guY29tOgtAZmxhZ3Mw%0AOhZAYXR0cmlidXRlc19jYWNoZXsAIgpmbGFzaElDOidBY3Rpb25Db250cm9s%0AbGVyOjpGbGFzaDo6Rmxhc2hIYXNoewAGOgpAdXNlZHsA--cce7921169d56baa51578395906002631ec4a12d
  Parameters: {"listing"=>"4", "action"=>"add_favorite", "controller"=>"listings"}
  [4;36;1mUser Columns (0.000000)[0m   [0;1mSHOW FIELDS FROM `users`[0m
  [4;35;1mFavorite Columns (0.016000)[0m   [0mSHOW FIELDS FROM `favorites`[0m
  [4;36;1mSQL (0.000000)[0m   [0;1mBEGIN[0m
  [4;35;1mFavorite Load (0.015000)[0m   [0mSELECT * FROM `favorites` WHERE (user_id = 2) ORDER BY position DESC LIMIT 1[0m
  [4;36;1mFavorite Create (0.000000)[0m   [0;1mINSERT INTO `favorites` (`listing_id`, `description`, `user_id`, `position`) VALUES(4, 'very cool', 2, 2)[0m
  [4;35;1mUser Load (0.000000)[0m   [0mSELECT * FROM `users` WHERE (`users`.`id` = 2) [0m
  [4;36;1mUser Update (0.000000)[0m   [0;1mUPDATE users SET `favorites_count` = `favorites_count` + 1 WHERE (`id` = 2) [0m
  [4;35;1mListing Columns (0.000000)[0m   [0mSHOW FIELDS FROM `listings`[0m
  [4;36;1mListing Load (0.016000)[0m   [0;1mSELECT * FROM `listings` WHERE (`listings`.`id` = 4) [0m
  [4;35;1mListing Update (0.000000)[0m   [0mUPDATE listings SET `favorites_count` = `favorites_count` + 1 WHERE (`id` = 4) [0m
  [4;36;1mSQL (0.031000)[0m   [0;1mCOMMIT[0m
Rendering listings/add_favorite
  [4;35;1mFavorite Load (0.000000)[0m   [0mSELECT * FROM `favorites` WHERE (favorites.user_id = 2) [0m
  [4;36;1mListing Load (0.000000)[0m   [0;1mSELECT * FROM `listings` WHERE (`listings`.`id` = 1) [0m
  [4;35;1mAptType Columns (0.000000)[0m   [0mSHOW FIELDS FROM `apt_types`[0m
  [4;36;1mAptType Load (0.016000)[0m   [0;1mSELECT * FROM `apt_types` WHERE (`apt_types`.`id` = 1) [0m
  [4;35;1mRentRange Columns (0.000000)[0m   [0mSHOW FIELDS FROM `rent_ranges`[0m
  [4;36;1mRentRange Load (0.000000)[0m   [0;1mSELECT * FROM `rent_ranges` WHERE (`rent_ranges`.`id` = 4) [0m
  [4;35;1mNhood Columns (0.000000)[0m   [0mSHOW FIELDS FROM `nhoods`[0m
  [4;36;1mNhood Load (0.016000)[0m   [0;1mSELECT * FROM `nhoods` WHERE (`nhoods`.`id` = 5) [0m
  [4;35;1mListing Load (0.000000)[0m   [0mSELECT * FROM `listings` WHERE (`listings`.`id` = 4) [0m
  [4;36;1mCACHE (0.000000)[0m   [0;1mSELECT * FROM `apt_types` WHERE (`apt_types`.`id` = 1) [0m
  [4;35;1mRentRange Load (0.000000)[0m   [0mSELECT * FROM `rent_ranges` WHERE (`rent_ranges`.`id` = 5) [0m
  [4;36;1mCACHE (0.000000)[0m   [0;1mSELECT * FROM `nhoods` WHERE (`nhoods`.`id` = 5) [0m
Rendered listings/_favorites (0.09400)
attempted to add favorite
Completed in 0.21900 (4 reqs/sec) | Rendering: 0.07700 (35%) | DB: 0.11000 (50%) | 200 OK [http://localhost/listings/add_favorite]
